<?xml version="1.0" encoding="utf-8"?>
<testsuite package="org.spotbugs" time="0" tests="10" errors="3" name="findbugs">
<testcase time="0" name="view/Console.java" classname="FindBugs Issues">
</testcase><testcase time="0" name="controller/Run.java" classname="FindBugs Issues">
</testcase><testcase time="0" name="model/domain/Moon.java" classname="FindBugs Issues">
</testcase><testcase time="0" name="model/domain/Planet.java" classname="FindBugs Issues">
</testcase><testcase time="0" name="model/domain/Validator.java" classname="FindBugs Issues">
</testcase><testcase time="0" name="controller/MainMenu.java" classname="FindBugs Issues">
</testcase><testcase time="0" name="controller/Controller.java" classname="FindBugs Issues">
</testcase><testcase time="0" name="model/domain/SolarManager.java" classname="FindBugs Issues">
</testcase><testcase time="0" name="model/domain/Star.java" classname="FindBugs Issues">
<failure message="issues" ><![CDATA[lines: 17-61 
getPlanets() may expose internal representation by returning Star.planets 
May expose internal representation by returning reference to mutable object 
Returning a reference to a mutable object value stored in one of the 
  object's fields exposes the internal representation of the object. If 
  instances are accessed by untrusted code, and unchecked changes to the 
  mutable object would compromise security or other important properties, 
  you will need to do something different. Returning a new copy of the 
  object is better approach in many situations.
----------------
]]></failure>
</testcase><testcase time="0" name="model/domain/SolarSystem.java" classname="FindBugs Issues">
<failure message="issues" ><![CDATA[lines: 19-155 
getSun() may expose internal representation by returning SolarSystem.sun 
May expose internal representation by returning reference to mutable object 
Returning a reference to a mutable object value stored in one of the 
  object's fields exposes the internal representation of the object. If 
  instances are accessed by untrusted code, and unchecked changes to the 
  mutable object would compromise security or other important properties, 
  you will need to do something different. Returning a new copy of the 
  object is better approach in many situations.
----------------
lines: 19-155 
new model.domain.SolarSystem(String, Star) may expose internal 
  representation by storing an externally mutable object into 
  SolarSystem.sun 
May expose internal representation by incorporating reference to mutable 
  object 
This code stores a reference to an externally mutable object into the 
  internal representation of the object. If instances are accessed by 
  untrusted code, and unchecked changes to the mutable object would 
  compromise security or other important properties, you will need to do 
  something different. Storing a copy of the object is better approach in 
  many situations.
----------------
]]></failure>
</testcase></testsuite>